Generated at 2014-09-14 15:18:02 -0700
Errno::ENOENT: package[update-notifier-common] (apt::default line 69) had an error: Errno::ENOENT: No such file or directory - port
/opt/chefdk/embedded/apps/chef/lib/chef/mixin/command/unix.rb:105:in `exec'
/opt/chefdk/embedded/apps/chef/lib/chef/mixin/command/unix.rb:105:in `block in popen4'
/opt/chefdk/embedded/apps/chef/lib/chef/mixin/command/unix.rb:67:in `fork'
/opt/chefdk/embedded/apps/chef/lib/chef/mixin/command/unix.rb:67:in `popen4'
/opt/chefdk/embedded/apps/chef/lib/chef/provider/package/macports.rb:90:in `get_response_from_command'
/opt/chefdk/embedded/apps/chef/lib/chef/provider/package/macports.rb:25:in `current_installed_version'
/opt/chefdk/embedded/apps/chef/lib/chef/provider/package/macports.rb:9:in `load_current_resource'
/opt/chefdk/embedded/apps/chef/lib/chef/provider.rb:104:in `run_action'
/opt/chefdk/embedded/apps/chef/lib/chef/resource.rb:648:in `run_action'
/opt/chefdk/embedded/apps/chef/lib/chef/runner.rb:49:in `run_action'
/opt/chefdk/embedded/apps/chef/lib/chef/runner.rb:81:in `block (2 levels) in converge'
/opt/chefdk/embedded/apps/chef/lib/chef/runner.rb:81:in `each'
/opt/chefdk/embedded/apps/chef/lib/chef/runner.rb:81:in `block in converge'
/opt/chefdk/embedded/apps/chef/lib/chef/resource_collection.rb:98:in `block in execute_each_resource'
/opt/chefdk/embedded/apps/chef/lib/chef/resource_collection/stepable_iterator.rb:116:in `call'
/opt/chefdk/embedded/apps/chef/lib/chef/resource_collection/stepable_iterator.rb:116:in `call_iterator_block'
/opt/chefdk/embedded/apps/chef/lib/chef/resource_collection/stepable_iterator.rb:85:in `step'
/opt/chefdk/embedded/apps/chef/lib/chef/resource_collection/stepable_iterator.rb:104:in `iterate'
/opt/chefdk/embedded/apps/chef/lib/chef/resource_collection/stepable_iterator.rb:55:in `each_with_index'
/opt/chefdk/embedded/apps/chef/lib/chef/resource_collection.rb:96:in `execute_each_resource'
/opt/chefdk/embedded/apps/chef/lib/chef/runner.rb:80:in `converge'
/opt/chefdk/embedded/apps/chef/lib/chef/client.rb:345:in `converge'
/opt/chefdk/embedded/apps/chef/lib/chef/client.rb:431:in `do_run'
/opt/chefdk/embedded/apps/chef/lib/chef/client.rb:213:in `block in run'
/opt/chefdk/embedded/apps/chef/lib/chef/client.rb:207:in `fork'
/opt/chefdk/embedded/apps/chef/lib/chef/client.rb:207:in `run'
/opt/chefdk/embedded/apps/chef/lib/chef/application.rb:236:in `run_chef_client'
/opt/chefdk/embedded/apps/chef/lib/chef/application/solo.rb:226:in `block in run_application'
/opt/chefdk/embedded/apps/chef/lib/chef/application/solo.rb:218:in `loop'
/opt/chefdk/embedded/apps/chef/lib/chef/application/solo.rb:218:in `run_application'
/opt/chefdk/embedded/apps/chef/lib/chef/application.rb:55:in `run'
/opt/chefdk/embedded/apps/chef/bin/chef-solo:25:in `<top (required)>'
/opt/chefdk/bin/chef-solo:34:in `load'
/opt/chefdk/bin/chef-solo:34:in `<main>'